AutoDock Vina v1.2.5
#################################################################
# If you used AutoDock Vina in your work, please cite:          #
#                                                               #
# J. Eberhardt, D. Santos-Martins, A. F. Tillack, and S. Forli  #
# AutoDock Vina 1.2.0: New Docking Methods, Expanded Force      #
# Field, and Python Bindings, J. Chem. Inf. Model. (2021)       #
# DOI 10.1021/acs.jcim.1c00203                                  #
#                                                               #
# O. Trott, A. J. Olson,                                        #
# AutoDock Vina: improving the speed and accuracy of docking    #
# with a new scoring function, efficient optimization and       #
# multithreading, J. Comp. Chem. (2010)                         #
# DOI 10.1002/jcc.21334                                         #
#                                                               #
# Please see https://github.com/ccsb-scripps/AutoDock-Vina for  #
# more information.                                             #
#################################################################

Scoring function : vina
Rigid receptor: /content/6Y3C/DOCKING/6Y3C_prot_A.pdbqt
Ligand: /content/6Y3C/DOCKING/Aspirin/Aspirin.pdbqt
Grid center: X -35 Y -50 Z 0
Grid size  : X 55 Y 55 Z 55
Grid space : 0.375
Exhaustiveness: 16
CPU: 2
Verbosity: 2

Computing Vina grid ... done.
Performing docking (random seed: -1784252090) ... 
0%   10   20   30   40   50   60   70   80   90   100%
|----|----|----|----|----|----|----|----|----|----|
***************************************************
done.
ENERGY FROM SEARCH: -8.59341
FINAL ENERGY: 
Estimated Free Energy of Binding   : -6.578 (kcal/mol) [=(1)+(2)+(3)-(4)]
(1) Final Intermolecular Energy    : -7.924 (kcal/mol)
    Ligand - Receptor              : -7.924 (kcal/mol)
    Ligand - Flex side chains      : 0.000 (kcal/mol)
(2) Final Total Internal Energy    : -0.669 (kcal/mol)
    Ligand                         : -0.669 (kcal/mol)
    Flex   - Receptor              : 0.000 (kcal/mol)
    Flex   - Flex side chains      : 0.000 (kcal/mol)
(3) Torsional Free Energy          : 1.346 (kcal/mol)
(4) Unbound System's Energy        : -0.669 (kcal/mol)
ENERGY FROM SEARCH: -8.417
FINAL ENERGY: 
Estimated Free Energy of Binding   : -6.431 (kcal/mol) [=(1)+(2)+(3)-(4)]
(1) Final Intermolecular Energy    : -7.838 (kcal/mol)
    Ligand - Receptor              : -7.838 (kcal/mol)
    Ligand - Flex side chains      : 0.000 (kcal/mol)
(2) Final Total Internal Energy    : -0.578 (kcal/mol)
    Ligand                         : -0.578 (kcal/mol)
    Flex   - Receptor              : 0.000 (kcal/mol)
    Flex   - Flex side chains      : 0.000 (kcal/mol)
(3) Torsional Free Energy          : 1.316 (kcal/mol)
(4) Unbound System's Energy        : -0.669 (kcal/mol)
ENERGY FROM SEARCH: -7.980
FINAL ENERGY: 
Estimated Free Energy of Binding   : -6.069 (kcal/mol) [=(1)+(2)+(3)-(4)]
(1) Final Intermolecular Energy    : -7.466 (kcal/mol)
    Ligand - Receptor              : -7.466 (kcal/mol)
    Ligand - Flex side chains      : 0.000 (kcal/mol)
(2) Final Total Internal Energy    : -0.514 (kcal/mol)
    Ligand                         : -0.514 (kcal/mol)
    Flex   - Receptor              : 0.000 (kcal/mol)
    Flex   - Flex side chains      : 0.000 (kcal/mol)
(3) Torsional Free Energy          : 1.242 (kcal/mol)
(4) Unbound System's Energy        : -0.669 (kcal/mol)
ENERGY FROM SEARCH: -7.973
FINAL ENERGY: 
Estimated Free Energy of Binding   : -6.063 (kcal/mol) [=(1)+(2)+(3)-(4)]
(1) Final Intermolecular Energy    : -7.467 (kcal/mol)
    Ligand - Receptor              : -7.467 (kcal/mol)
    Ligand - Flex side chains      : 0.000 (kcal/mol)
(2) Final Total Internal Energy    : -0.506 (kcal/mol)
    Ligand                         : -0.506 (kcal/mol)
    Flex   - Receptor              : 0.000 (kcal/mol)
    Flex   - Flex side chains      : 0.000 (kcal/mol)
(3) Torsional Free Energy          : 1.241 (kcal/mol)
(4) Unbound System's Energy        : -0.669 (kcal/mol)
ENERGY FROM SEARCH: -7.839
FINAL ENERGY: 
Estimated Free Energy of Binding   : -5.952 (kcal/mol) [=(1)+(2)+(3)-(4)]
(1) Final Intermolecular Energy    : -7.202 (kcal/mol)
    Ligand - Receptor              : -7.202 (kcal/mol)
    Ligand - Flex side chains      : 0.000 (kcal/mol)
(2) Final Total Internal Energy    : -0.637 (kcal/mol)
    Ligand                         : -0.637 (kcal/mol)
    Flex   - Receptor              : 0.000 (kcal/mol)
    Flex   - Flex side chains      : 0.000 (kcal/mol)
(3) Torsional Free Energy          : 1.218 (kcal/mol)
(4) Unbound System's Energy        : -0.669 (kcal/mol)
ENERGY FROM SEARCH: -7.797
FINAL ENERGY: 
Estimated Free Energy of Binding   : -5.917 (kcal/mol) [=(1)+(2)+(3)-(4)]
(1) Final Intermolecular Energy    : -7.238 (kcal/mol)
    Ligand - Receptor              : -7.238 (kcal/mol)
    Ligand - Flex side chains      : 0.000 (kcal/mol)
(2) Final Total Internal Energy    : -0.559 (kcal/mol)
    Ligand                         : -0.559 (kcal/mol)
    Flex   - Receptor              : 0.000 (kcal/mol)
    Flex   - Flex side chains      : 0.000 (kcal/mol)
(3) Torsional Free Energy          : 1.211 (kcal/mol)
(4) Unbound System's Energy        : -0.669 (kcal/mol)
ENERGY FROM SEARCH: -7.741
FINAL ENERGY: 
Estimated Free Energy of Binding   : -5.870 (kcal/mol) [=(1)+(2)+(3)-(4)]
(1) Final Intermolecular Energy    : -7.038 (kcal/mol)
    Ligand - Receptor              : -7.038 (kcal/mol)
    Ligand - Flex side chains      : 0.000 (kcal/mol)
(2) Final Total Internal Energy    : -0.702 (kcal/mol)
    Ligand                         : -0.702 (kcal/mol)
    Flex   - Receptor              : 0.000 (kcal/mol)
    Flex   - Flex side chains      : 0.000 (kcal/mol)
(3) Torsional Free Energy          : 1.201 (kcal/mol)
(4) Unbound System's Energy        : -0.669 (kcal/mol)
ENERGY FROM SEARCH: -7.732
FINAL ENERGY: 
Estimated Free Energy of Binding   : -5.863 (kcal/mol) [=(1)+(2)+(3)-(4)]
(1) Final Intermolecular Energy    : -7.196 (kcal/mol)
    Ligand - Receptor              : -7.196 (kcal/mol)
    Ligand - Flex side chains      : 0.000 (kcal/mol)
(2) Final Total Internal Energy    : -0.536 (kcal/mol)
    Ligand                         : -0.536 (kcal/mol)
    Flex   - Receptor              : 0.000 (kcal/mol)
    Flex   - Flex side chains      : 0.000 (kcal/mol)
(3) Torsional Free Energy          : 1.200 (kcal/mol)
(4) Unbound System's Energy        : -0.669 (kcal/mol)
ENERGY FROM SEARCH: -7.720
FINAL ENERGY: 
Estimated Free Energy of Binding   : -5.853 (kcal/mol) [=(1)+(2)+(3)-(4)]
(1) Final Intermolecular Energy    : -7.637 (kcal/mol)
    Ligand - Receptor              : -7.637 (kcal/mol)
    Ligand - Flex side chains      : 0.000 (kcal/mol)
(2) Final Total Internal Energy    : -0.084 (kcal/mol)
    Ligand                         : -0.084 (kcal/mol)
    Flex   - Receptor              : 0.000 (kcal/mol)
    Flex   - Flex side chains      : 0.000 (kcal/mol)
(3) Torsional Free Energy          : 1.198 (kcal/mol)
(4) Unbound System's Energy        : -0.669 (kcal/mol)

mode |   affinity | dist from best mode
     | (kcal/mol) | rmsd l.b.| rmsd u.b.
-----+------------+----------+----------
   1      -6.5782     0.0000     0.0000
   2      -6.4314     1.7254     3.1942
   3      -6.0688    27.9796    29.0797
   4      -6.0630     2.0629     5.0424
   5      -5.9520    28.7990    29.3936
   6      -5.9174    29.0902    30.0658
   7      -5.8704    28.5598    29.4819
   8      -5.8633    27.5863    28.5045
   9      -5.8535    28.7925    29.3370
